{"type":"server-started","port":56795,"host":"127.0.0.1","url_host":"localhost","url":"http://localhost:56795","screen_dir":"/Users/seungminlee/projects/smart_seller_studio/.superpowers/brainstorm/22460-1777595667/content","state_dir":"/Users/seungminlee/projects/smart_seller_studio/.superpowers/brainstorm/22460-1777595667/state"}
{"type":"screen-added","file":"/Users/seungminlee/projects/smart_seller_studio/.superpowers/brainstorm/22460-1777595667/content/entry-point.html"}
{"type":"screen-added","file":"/Users/seungminlee/projects/smart_seller_studio/.superpowers/brainstorm/22460-1777595667/content/design-panel.html"}
{"type":"screen-added","file":"/Users/seungminlee/projects/smart_seller_studio/.superpowers/brainstorm/22460-1777595667/content/design-revised.html"}
{"type":"screen-added","file":"/Users/seungminlee/projects/smart_seller_studio/.superpowers/brainstorm/22460-1777595667/content/design-manual-input.html"}
{"type":"screen-added","file":"/Users/seungminlee/projects/smart_seller_studio/.superpowers/brainstorm/22460-1777595667/content/design-keyword-flow.html"}
{"type":"screen-added","file":"/Users/seungminlee/projects/smart_seller_studio/.superpowers/brainstorm/22460-1777595667/content/design-final.html"}
{"type":"screen-added","file":"/Users/seungminlee/projects/smart_seller_studio/.superpowers/brainstorm/22460-1777595667/content/user-flow.html"}
{"type":"screen-added","file":"/Users/seungminlee/projects/smart_seller_studio/.superpowers/brainstorm/22460-1777595667/content/userflow-ui.html"}
{"type":"screen-added","file":"/Users/seungminlee/projects/smart_seller_studio/.superpowers/brainstorm/22460-1777595667/content/userflow-final.html"}
{"type":"screen-updated","file":"/Users/seungminlee/projects/smart_seller_studio/.superpowers/brainstorm/22460-1777595667/content/userflow-final.html"}
{"type":"screen-updated","file":"/Users/seungminlee/projects/smart_seller_studio/.superpowers/brainstorm/22460-1777595667/content/userflow-final.html"}
{"type":"screen-updated","file":"/Users/seungminlee/projects/smart_seller_studio/.superpowers/brainstorm/22460-1777595667/content/userflow-final.html"}
{"type":"screen-updated","file":"/Users/seungminlee/projects/smart_seller_studio/.superpowers/brainstorm/22460-1777595667/content/userflow-final.html"}
{"type":"screen-updated","file":"/Users/seungminlee/projects/smart_seller_studio/.superpowers/brainstorm/22460-1777595667/content/userflow-final.html"}
{"type":"screen-updated","file":"/Users/seungminlee/projects/smart_seller_studio/.superpowers/brainstorm/22460-1777595667/content/userflow-final.html"}
{"type":"screen-updated","file":"/Users/seungminlee/projects/smart_seller_studio/.superpowers/brainstorm/22460-1777595667/content/userflow-final.html"}
{"type":"screen-added","file":"/Users/seungminlee/projects/smart_seller_studio/.superpowers/brainstorm/22460-1777595667/content/domeggook-seed-integration.html"}
{"type":"screen-added","file":"/Users/seungminlee/projects/smart_seller_studio/.superpowers/brainstorm/22460-1777595667/content/seed-tab.html"}
{"type":"screen-added","file":"/Users/seungminlee/projects/smart_seller_studio/.superpowers/brainstorm/22460-1777595667/content/tab-redesign.html"}
{"type":"screen-added","file":"/Users/seungminlee/projects/smart_seller_studio/.superpowers/brainstorm/22460-1777595667/content/seed-domeggook-sync.html"}
{"type":"server-stopped","reason":"idle timeout"}
